<?xml version="1.0" encoding="UTF-8"?>
<!-- Generated by org.testng.reporters.JUnitXMLReporter -->
<testsuite ignored="0" hostname="IBM-JQCV2F3" failures="2" tests="4" name="Default test" time="118.231" errors="0" timestamp="2023-05-03T15:58:32 IST">
  <testcase classname="io.cucumber.testng.AbstractTestNGCucumberTests" name="runScenario" time="23.216"/>
  <testcase classname="io.cucumber.testng.AbstractTestNGCucumberTests" name="runScenario" time="28.872">
    <failure type="java.util.NoSuchElementException">
      <![CDATA[java.util.NoSuchElementException
at java.base/java.util.LinkedHashMap$LinkedHashIterator.nextNode(LinkedHashMap.java:758)
at java.base/java.util.LinkedHashMap$LinkedKeyIterator.next(LinkedHashMap.java:778)
at StepDefinations.CheckoutTest.user_searches_and_clicks_on_buynow(CheckoutTest.java:38)
at ✽.User searches "OnePlus Nord" and clicks on buynow(file:///C:/Users/003VR5744/eclipse-workspace/E2EFramework/src/test/java/features/Amazon.feature:13)
]]>
    </failure>
  </testcase> <!-- runScenario -->
  <testcase classname="io.cucumber.testng.AbstractTestNGCucumberTests" name="runScenario" time="39.093">
    <failure type="java.util.NoSuchElementException">
      <![CDATA[java.util.NoSuchElementException
at java.base/java.util.LinkedHashMap$LinkedHashIterator.nextNode(LinkedHashMap.java:758)
at java.base/java.util.LinkedHashMap$LinkedKeyIterator.next(LinkedHashMap.java:778)
at StepDefinations.CheckoutTest.user_searches_and_clicks_on_buynow(CheckoutTest.java:38)
at ✽.User searches "OnePlus Nord" and clicks on buynow(file:///C:/Users/003VR5744/eclipse-workspace/E2EFramework/src/test/java/features/Amazon.feature:20)
]]>
    </failure>
  </testcase> <!-- runScenario -->
  <testcase classname="io.cucumber.testng.AbstractTestNGCucumberTests" name="runScenario" time="26.309"/>
</testsuite> <!-- Default test -->
