<?xml version="1.0" encoding="UTF-8"?>
<!-- Generated by org.testng.reporters.JUnitXMLReporter -->
<testsuite ignored="0" hostname="IBM-JQCV2F3" failures="2" tests="2" name="Test" time="0.487" errors="0" timestamp="2023-04-10T15:14:24 IST">
  <testcase classname="io.cucumber.testng.AbstractTestNGCucumberTests" name="runScenario" time="0.098">
    <failure type="java.lang.NullPointerException" message="Cannot invoke &amp;quot;org.openqa.selenium.edge.EdgeOptions.addArguments(String[])&amp;quot; because &amp;quot;StepDefinations.Base.options&amp;quot; is null">
      <![CDATA[java.lang.NullPointerException: Cannot invoke "org.openqa.selenium.edge.EdgeOptions.addArguments(String[])" because "StepDefinations.Base.options" is null
at StepDefinations.Base.setup(Base.java:33)
]]>
    </failure>
  </testcase> <!-- runScenario -->
  <testcase classname="io.cucumber.testng.AbstractTestNGCucumberTests" name="runScenario" time="0.016">
    <failure type="java.lang.NullPointerException" message="Cannot invoke &amp;quot;org.openqa.selenium.edge.EdgeOptions.addArguments(String[])&amp;quot; because &amp;quot;StepDefinations.Base.options&amp;quot; is null">
      <![CDATA[java.lang.NullPointerException: Cannot invoke "org.openqa.selenium.edge.EdgeOptions.addArguments(String[])" because "StepDefinations.Base.options" is null
at StepDefinations.Base.setup(Base.java:33)
]]>
    </failure>
  </testcase> <!-- runScenario -->
</testsuite> <!-- Test -->
