{"name":"To test if Save for later functionality is working correctly","status":"broken","statusDetails":{"known":false,"muted":false,"flaky":false,"message":"element click intercepted: Element <a class=\"a-link-normal s-underline-text s-underline-link-text s-link-style a-text-normal\" target=\"_blank\" href=\"/OnePlus-Nord-Chromatic-128GB-Storage/dp/B0BY8MCQ9S/ref=sr_1_3?crid=2493P7LPZFEHT&amp;keywords=OnePlus+Nord&amp;qid=1683186044&amp;sprefix=%2Caps%2C197&amp;sr=8-3\">...</a> is not clickable at point (828, 524). Other element would receive the click: <textarea placeholder=\"Type a message…\" maxlength=\"12000\" autocapitalize=\"sentences\" autocomplete=\"on\" autocorrect=\"off\" dir=\"auto\" spellcheck=\"false\" rows=\"1\" aria-label=\"Type a message…\" data-focusable=\"true\" class=\"css-1cwyjr8 r-1niwhzg r-qsz3a2 r-13awgt0 r-1vl35pp r-a023e6 r-rjixqe r-1mi0q7o r-1hfyk0a r-1qxgc49 r-a68zyn r-fdjqy7\" data-testid=\"MessageInputArea\"></textarea>\n  (Session info: chrome=112.0.5615.138)\nBuild info: version: '4.8.3', revision: 'e5e76298c3'\nSystem info: os.name: 'Windows 11', os.arch: 'amd64', os.version: '10.0', java.version: '17.0.4.1'\nDriver info: org.openqa.selenium.chrome.ChromeDriver\nCommand: [fad85813282cb0edad9290eb0e1c66a9, clickElement {id=8b1d2524-8118-4990-a765-239ac9b30bf7}]\nCapabilities {acceptInsecureCerts: false, browserName: chrome, browserVersion: 112.0.5615.138, chrome: {chromedriverVersion: 112.0.5615.49 (bd2a7bcb881c..., userDataDir: C:\\Users\\003VR5~1\\AppData\\L...}, goog:chromeOptions: {debuggerAddress: localhost:36137}, networkConnectionEnabled: false, pageLoadStrategy: normal, platformName: WINDOWS, proxy: Proxy(), se:cdp: ws://localhost:36137/devtoo..., se:cdpVersion: 112.0.5615.138, setWindowRect: true, strictFileInteractability: false, timeouts: {implicit: 0, pageLoad: 300000, script: 30000}, unhandledPromptBehavior: dismiss and notify, webauthn:extension:credBlob: true, webauthn:extension:largeBlob: true, webauthn:extension:minPinLength: true, webauthn:extension:prf: true, webauthn:virtualAuthenticators: true}\nElement: [[ChromeDriver: chrome on WINDOWS (fad85813282cb0edad9290eb0e1c66a9)] -> link text: OnePlus Nord CE 3 Lite 5G (Chromatic Gray, 8GB RAM, 128GB Storage)]\nSession ID: fad85813282cb0edad9290eb0e1c66a9","trace":"org.openqa.selenium.ElementClickInterceptedException: element click intercepted: Element <a class=\"a-link-normal s-underline-text s-underline-link-text s-link-style a-text-normal\" target=\"_blank\" href=\"/OnePlus-Nord-Chromatic-128GB-Storage/dp/B0BY8MCQ9S/ref=sr_1_3?crid=2493P7LPZFEHT&amp;keywords=OnePlus+Nord&amp;qid=1683186044&amp;sprefix=%2Caps%2C197&amp;sr=8-3\">...</a> is not clickable at point (828, 524). Other element would receive the click: <textarea placeholder=\"Type a message…\" maxlength=\"12000\" autocapitalize=\"sentences\" autocomplete=\"on\" autocorrect=\"off\" dir=\"auto\" spellcheck=\"false\" rows=\"1\" aria-label=\"Type a message…\" data-focusable=\"true\" class=\"css-1cwyjr8 r-1niwhzg r-qsz3a2 r-13awgt0 r-1vl35pp r-a023e6 r-rjixqe r-1mi0q7o r-1hfyk0a r-1qxgc49 r-a68zyn r-fdjqy7\" data-testid=\"MessageInputArea\"></textarea>\n  (Session info: chrome=112.0.5615.138)\nBuild info: version: '4.8.3', revision: 'e5e76298c3'\nSystem info: os.name: 'Windows 11', os.arch: 'amd64', os.version: '10.0', java.version: '17.0.4.1'\nDriver info: org.openqa.selenium.chrome.ChromeDriver\nCommand: [fad85813282cb0edad9290eb0e1c66a9, clickElement {id=8b1d2524-8118-4990-a765-239ac9b30bf7}]\nCapabilities {acceptInsecureCerts: false, browserName: chrome, browserVersion: 112.0.5615.138, chrome: {chromedriverVersion: 112.0.5615.49 (bd2a7bcb881c..., userDataDir: C:\\Users\\003VR5~1\\AppData\\L...}, goog:chromeOptions: {debuggerAddress: localhost:36137}, networkConnectionEnabled: false, pageLoadStrategy: normal, platformName: WINDOWS, proxy: Proxy(), se:cdp: ws://localhost:36137/devtoo..., se:cdpVersion: 112.0.5615.138, setWindowRect: true, strictFileInteractability: false, timeouts: {implicit: 0, pageLoad: 300000, script: 30000}, unhandledPromptBehavior: dismiss and notify, webauthn:extension:credBlob: true, webauthn:extension:largeBlob: true, webauthn:extension:minPinLength: true, webauthn:extension:prf: true, webauthn:virtualAuthenticators: true}\nElement: [[ChromeDriver: chrome on WINDOWS (fad85813282cb0edad9290eb0e1c66a9)] -> link text: OnePlus Nord CE 3 Lite 5G (Chromatic Gray, 8GB RAM, 128GB Storage)]\nSession ID: fad85813282cb0edad9290eb0e1c66a9\r\n\tat java.base/jdk.internal.reflect.NativeConstructorAccessorImpl.newInstance0(Native Method)\r\n\tat java.base/jdk.internal.reflect.NativeConstructorAccessorImpl.newInstance(NativeConstructorAccessorImpl.java:77)\r\n\tat java.base/jdk.internal.reflect.DelegatingConstructorAccessorImpl.newInstance(DelegatingConstructorAccessorImpl.java:45)\r\n\tat java.base/java.lang.reflect.Constructor.newInstanceWithCaller(Constructor.java:499)\r\n\tat java.base/java.lang.reflect.Constructor.newInstance(Constructor.java:480)\r\n\tat org.openqa.selenium.remote.codec.w3c.W3CHttpResponseCodec.createException(W3CHttpResponseCodec.java:200)\r\n\tat org.openqa.selenium.remote.codec.w3c.W3CHttpResponseCodec.decode(W3CHttpResponseCodec.java:133)\r\n\tat org.openqa.selenium.remote.codec.w3c.W3CHttpResponseCodec.decode(W3CHttpResponseCodec.java:53)\r\n\tat org.openqa.selenium.remote.HttpCommandExecutor.execute(HttpCommandExecutor.java:193)\r\n\tat org.openqa.selenium.remote.service.DriverCommandExecutor.invokeExecute(DriverCommandExecutor.java:183)\r\n\tat org.openqa.selenium.remote.service.DriverCommandExecutor.execute(DriverCommandExecutor.java:158)\r\n\tat org.openqa.selenium.remote.RemoteWebDriver.execute(RemoteWebDriver.java:543)\r\n\tat org.openqa.selenium.remote.RemoteWebElement.execute(RemoteWebElement.java:257)\r\n\tat org.openqa.selenium.remote.RemoteWebElement.click(RemoteWebElement.java:78)\r\n\tat StepDefinations.CheckoutTest.user_searches_and_clicks_on_buynow(CheckoutTest.java:39)\r\n\tat ✽.User searches \"OnePlus Nord\" and clicks on buynow(file:///C:/Users/003VR5744/eclipse-workspace/E2EFramework/src/test/java/features/Amazon.feature:20)\r\n"},"stage":"finished","steps":[{"name":"Given  The driver is initiated and amazon site is loaded","status":"passed","statusDetails":{"known":false,"muted":false,"flaky":false},"stage":"finished","steps":[],"attachments":[],"parameters":[],"start":1683186033505,"stop":1683186036747},{"name":"And  User Enters credentials number \"916374231718\" and password \"project@123\"","status":"passed","statusDetails":{"known":false,"muted":false,"flaky":false},"stage":"finished","steps":[],"attachments":[],"parameters":[],"start":1683186036747,"stop":1683186041576},{"name":"When  User searches \"OnePlus Nord\" and clicks on buynow","status":"broken","statusDetails":{"known":false,"muted":false,"flaky":false,"message":"element click intercepted: Element <a class=\"a-link-normal s-underline-text s-underline-link-text s-link-style a-text-normal\" target=\"_blank\" href=\"/OnePlus-Nord-Chromatic-128GB-Storage/dp/B0BY8MCQ9S/ref=sr_1_3?crid=2493P7LPZFEHT&amp;keywords=OnePlus+Nord&amp;qid=1683186044&amp;sprefix=%2Caps%2C197&amp;sr=8-3\">...</a> is not clickable at point (828, 524). Other element would receive the click: <textarea placeholder=\"Type a message…\" maxlength=\"12000\" autocapitalize=\"sentences\" autocomplete=\"on\" autocorrect=\"off\" dir=\"auto\" spellcheck=\"false\" rows=\"1\" aria-label=\"Type a message…\" data-focusable=\"true\" class=\"css-1cwyjr8 r-1niwhzg r-qsz3a2 r-13awgt0 r-1vl35pp r-a023e6 r-rjixqe r-1mi0q7o r-1hfyk0a r-1qxgc49 r-a68zyn r-fdjqy7\" data-testid=\"MessageInputArea\"></textarea>\n  (Session info: chrome=112.0.5615.138)\nBuild info: version: '4.8.3', revision: 'e5e76298c3'\nSystem info: os.name: 'Windows 11', os.arch: 'amd64', os.version: '10.0', java.version: '17.0.4.1'\nDriver info: org.openqa.selenium.chrome.ChromeDriver\nCommand: [fad85813282cb0edad9290eb0e1c66a9, clickElement {id=8b1d2524-8118-4990-a765-239ac9b30bf7}]\nCapabilities {acceptInsecureCerts: false, browserName: chrome, browserVersion: 112.0.5615.138, chrome: {chromedriverVersion: 112.0.5615.49 (bd2a7bcb881c..., userDataDir: C:\\Users\\003VR5~1\\AppData\\L...}, goog:chromeOptions: {debuggerAddress: localhost:36137}, networkConnectionEnabled: false, pageLoadStrategy: normal, platformName: WINDOWS, proxy: Proxy(), se:cdp: ws://localhost:36137/devtoo..., se:cdpVersion: 112.0.5615.138, setWindowRect: true, strictFileInteractability: false, timeouts: {implicit: 0, pageLoad: 300000, script: 30000}, unhandledPromptBehavior: dismiss and notify, webauthn:extension:credBlob: true, webauthn:extension:largeBlob: true, webauthn:extension:minPinLength: true, webauthn:extension:prf: true, webauthn:virtualAuthenticators: true}\nElement: [[ChromeDriver: chrome on WINDOWS (fad85813282cb0edad9290eb0e1c66a9)] -> link text: OnePlus Nord CE 3 Lite 5G (Chromatic Gray, 8GB RAM, 128GB Storage)]\nSession ID: fad85813282cb0edad9290eb0e1c66a9","trace":"org.openqa.selenium.ElementClickInterceptedException: element click intercepted: Element <a class=\"a-link-normal s-underline-text s-underline-link-text s-link-style a-text-normal\" target=\"_blank\" href=\"/OnePlus-Nord-Chromatic-128GB-Storage/dp/B0BY8MCQ9S/ref=sr_1_3?crid=2493P7LPZFEHT&amp;keywords=OnePlus+Nord&amp;qid=1683186044&amp;sprefix=%2Caps%2C197&amp;sr=8-3\">...</a> is not clickable at point (828, 524). Other element would receive the click: <textarea placeholder=\"Type a message…\" maxlength=\"12000\" autocapitalize=\"sentences\" autocomplete=\"on\" autocorrect=\"off\" dir=\"auto\" spellcheck=\"false\" rows=\"1\" aria-label=\"Type a message…\" data-focusable=\"true\" class=\"css-1cwyjr8 r-1niwhzg r-qsz3a2 r-13awgt0 r-1vl35pp r-a023e6 r-rjixqe r-1mi0q7o r-1hfyk0a r-1qxgc49 r-a68zyn r-fdjqy7\" data-testid=\"MessageInputArea\"></textarea>\n  (Session info: chrome=112.0.5615.138)\nBuild info: version: '4.8.3', revision: 'e5e76298c3'\nSystem info: os.name: 'Windows 11', os.arch: 'amd64', os.version: '10.0', java.version: '17.0.4.1'\nDriver info: org.openqa.selenium.chrome.ChromeDriver\nCommand: [fad85813282cb0edad9290eb0e1c66a9, clickElement {id=8b1d2524-8118-4990-a765-239ac9b30bf7}]\nCapabilities {acceptInsecureCerts: false, browserName: chrome, browserVersion: 112.0.5615.138, chrome: {chromedriverVersion: 112.0.5615.49 (bd2a7bcb881c..., userDataDir: C:\\Users\\003VR5~1\\AppData\\L...}, goog:chromeOptions: {debuggerAddress: localhost:36137}, networkConnectionEnabled: false, pageLoadStrategy: normal, platformName: WINDOWS, proxy: Proxy(), se:cdp: ws://localhost:36137/devtoo..., se:cdpVersion: 112.0.5615.138, setWindowRect: true, strictFileInteractability: false, timeouts: {implicit: 0, pageLoad: 300000, script: 30000}, unhandledPromptBehavior: dismiss and notify, webauthn:extension:credBlob: true, webauthn:extension:largeBlob: true, webauthn:extension:minPinLength: true, webauthn:extension:prf: true, webauthn:virtualAuthenticators: true}\nElement: [[ChromeDriver: chrome on WINDOWS (fad85813282cb0edad9290eb0e1c66a9)] -> link text: OnePlus Nord CE 3 Lite 5G (Chromatic Gray, 8GB RAM, 128GB Storage)]\nSession ID: fad85813282cb0edad9290eb0e1c66a9\r\n\tat java.base/jdk.internal.reflect.NativeConstructorAccessorImpl.newInstance0(Native Method)\r\n\tat java.base/jdk.internal.reflect.NativeConstructorAccessorImpl.newInstance(NativeConstructorAccessorImpl.java:77)\r\n\tat java.base/jdk.internal.reflect.DelegatingConstructorAccessorImpl.newInstance(DelegatingConstructorAccessorImpl.java:45)\r\n\tat java.base/java.lang.reflect.Constructor.newInstanceWithCaller(Constructor.java:499)\r\n\tat java.base/java.lang.reflect.Constructor.newInstance(Constructor.java:480)\r\n\tat org.openqa.selenium.remote.codec.w3c.W3CHttpResponseCodec.createException(W3CHttpResponseCodec.java:200)\r\n\tat org.openqa.selenium.remote.codec.w3c.W3CHttpResponseCodec.decode(W3CHttpResponseCodec.java:133)\r\n\tat org.openqa.selenium.remote.codec.w3c.W3CHttpResponseCodec.decode(W3CHttpResponseCodec.java:53)\r\n\tat org.openqa.selenium.remote.HttpCommandExecutor.execute(HttpCommandExecutor.java:193)\r\n\tat org.openqa.selenium.remote.service.DriverCommandExecutor.invokeExecute(DriverCommandExecutor.java:183)\r\n\tat org.openqa.selenium.remote.service.DriverCommandExecutor.execute(DriverCommandExecutor.java:158)\r\n\tat org.openqa.selenium.remote.RemoteWebDriver.execute(RemoteWebDriver.java:543)\r\n\tat org.openqa.selenium.remote.RemoteWebElement.execute(RemoteWebElement.java:257)\r\n\tat org.openqa.selenium.remote.RemoteWebElement.click(RemoteWebElement.java:78)\r\n\tat StepDefinations.CheckoutTest.user_searches_and_clicks_on_buynow(CheckoutTest.java:39)\r\n\tat ✽.User searches \"OnePlus Nord\" and clicks on buynow(file:///C:/Users/003VR5744/eclipse-workspace/E2EFramework/src/test/java/features/Amazon.feature:20)\r\n"},"stage":"finished","steps":[],"attachments":[],"parameters":[],"start":1683186041576,"stop":1683186052935},{"name":"And  Navigates to cart and clicks on save for later","status":"skipped","statusDetails":{"known":false,"muted":false,"flaky":false},"stage":"finished","steps":[],"attachments":[],"parameters":[],"start":1683186052935,"stop":1683186052936},{"name":"Then  check if item is added in save for later","status":"skipped","statusDetails":{"known":false,"muted":false,"flaky":false},"stage":"finished","steps":[],"attachments":[],"parameters":[],"start":1683186052936,"stop":1683186052936}],"attachments":[],"parameters":[],"start":1683186030777,"stop":1683186053432,"uuid":"9562fbf8-7a8f-4152-b2f7-47957241b2a0","historyId":"c8b5a9a064a6f10cab3040c38b74b92f","fullName":"Amazon Test: To test if Save for later functionality is working correctly","labels":[{"name":"tag","value":"SaveForLater"},{"name":"host","value":"IBM-JQCV2F3"},{"name":"thread","value":"13008@IBM-JQCV2F3.main(1)"},{"name":"feature","value":"Amazon Test"},{"name":"story","value":"To test if Save for later functionality is working correctly"},{"name":"suite","value":"Amazon Test"},{"name":"testClass","value":"To test if Save for later functionality is working correctly"},{"name":"framework","value":"cucumber4jvm"},{"name":"language","value":"java"},{"name":"gherkin_uri","value":"file:///C:/Users/003VR5744/eclipse-workspace/E2EFramework/src/test/java/features/Amazon.feature"},{"name":"package","value":"src.test.java.features.Amazon_feature.Amazon Test"}],"links":[]}