<?xml version="1.0" encoding="UTF-8"?>
<testng-results ignored="0" total="4" passed="3" failed="1" skipped="0">
  <reporter-output>
  </reporter-output>
  <suite started-at="2023-04-20T22:21:11 IST" name="Default suite" finished-at="2023-04-20T22:22:46 IST" duration-ms="95244">
    <groups>
      <group name="cucumber">
        <method signature="AbstractTestNGCucumberTests.runScenario(io.cucumber.testng.PickleWrapper,io.cucumber.testng.FeatureWrapper)[pri:0, instance:TestRunner.testRunner@65987993]" name="runScenario" class="io.cucumber.testng.AbstractTestNGCucumberTests"/>
      </group> <!-- cucumber -->
    </groups>
    <test started-at="2023-04-20T22:21:11 IST" name="Default test" finished-at="2023-04-20T22:22:46 IST" duration-ms="95244">
      <class name="TestRunner.testRunner">
        <test-method is-config="true" signature="setUpClass()[pri:0, instance:TestRunner.testRunner@65987993]" started-at="2023-04-20T22:21:11 IST" name="setUpClass" finished-at="2023-04-20T22:21:12 IST" duration-ms="327" status="PASS">
          <reporter-output>
          </reporter-output>
        </test-method> <!-- setUpClass -->
        <test-method signature="runScenario(io.cucumber.testng.PickleWrapper,io.cucumber.testng.FeatureWrapper)[pri:0, instance:TestRunner.testRunner@65987993]" started-at="2023-04-20T22:21:12 IST" name="runScenario" description="Runs Cucumber Scenarios" data-provider="scenarios" finished-at="2023-04-20T22:21:24 IST" duration-ms="12468" status="PASS">
          <params>
            <param index="0">
              <value>
                <![CDATA["To test if amazon sigin is working correctly"]]>
              </value>
            </param>
            <param index="1">
              <value>
                <![CDATA["Amazon Test"]]>
              </value>
            </param>
          </params>
          <reporter-output>
          </reporter-output>
        </test-method> <!-- runScenario -->
        <test-method signature="runScenario(io.cucumber.testng.PickleWrapper,io.cucumber.testng.FeatureWrapper)[pri:0, instance:TestRunner.testRunner@65987993]" started-at="2023-04-20T22:21:24 IST" name="runScenario" description="Runs Cucumber Scenarios" data-provider="scenarios" finished-at="2023-04-20T22:21:54 IST" duration-ms="29573" status="PASS">
          <params>
            <param index="0">
              <value>
                <![CDATA["To test if checkout page is functioning correctly"]]>
              </value>
            </param>
            <param index="1">
              <value>
                <![CDATA["Amazon Test"]]>
              </value>
            </param>
          </params>
          <reporter-output>
          </reporter-output>
        </test-method> <!-- runScenario -->
        <test-method signature="runScenario(io.cucumber.testng.PickleWrapper,io.cucumber.testng.FeatureWrapper)[pri:0, instance:TestRunner.testRunner@65987993]" started-at="2023-04-20T22:21:54 IST" name="runScenario" description="Runs Cucumber Scenarios" data-provider="scenarios" finished-at="2023-04-20T22:22:26 IST" duration-ms="32015" status="PASS">
          <params>
            <param index="0">
              <value>
                <![CDATA["To test if Save for later functionality is working correctly"]]>
              </value>
            </param>
            <param index="1">
              <value>
                <![CDATA["Amazon Test"]]>
              </value>
            </param>
          </params>
          <reporter-output>
          </reporter-output>
        </test-method> <!-- runScenario -->
        <test-method signature="runScenario(io.cucumber.testng.PickleWrapper,io.cucumber.testng.FeatureWrapper)[pri:0, instance:TestRunner.testRunner@65987993]" started-at="2023-04-20T22:22:26 IST" name="runScenario" description="Runs Cucumber Scenarios" data-provider="scenarios" finished-at="2023-04-20T22:22:46 IST" duration-ms="20831" status="FAIL">
          <params>
            <param index="0">
              <value>
                <![CDATA["To test if add address functionality is working correctly"]]>
              </value>
            </param>
            <param index="1">
              <value>
                <![CDATA["Amazon Test"]]>
              </value>
            </param>
          </params>
          <exception class="java.lang.AssertionError">
            <message>
              <![CDATA[expected [Address saved] but found [You have submitted an address that is already in your address book]]]>
            </message>
            <full-stacktrace>
              <![CDATA[java.lang.AssertionError: expected [Address saved] but found [You have submitted an address that is already in your address book]
at org.testng.Assert.fail(Assert.java:99)
at org.testng.Assert.failNotEquals(Assert.java:1037)
at org.testng.Assert.assertEqualsImpl(Assert.java:140)
at org.testng.Assert.assertEquals(Assert.java:122)
at org.testng.Assert.assertEquals(Assert.java:629)
at org.testng.Assert.assertEquals(Assert.java:639)
at StepDefinations.addressAddTest.check_if_address_is_sucessfully_saved(addressAddTest.java:39)
at âœ½.Check if address is sucessfully saved(file:///C:/Users/003VR5744/eclipse-workspace/E2EFramework/src/test/java/features/Amazon.feature:30)
]]>
            </full-stacktrace>
          </exception> <!-- java.lang.AssertionError -->
          <reporter-output>
          </reporter-output>
        </test-method> <!-- runScenario -->
        <test-method is-config="true" signature="tearDownClass()[pri:0, instance:TestRunner.testRunner@65987993]" started-at="2023-04-20T22:22:46 IST" name="tearDownClass" finished-at="2023-04-20T22:22:46 IST" duration-ms="2" status="PASS">
          <reporter-output>
          </reporter-output>
        </test-method> <!-- tearDownClass -->
      </class> <!-- TestRunner.testRunner -->
    </test> <!-- Default test -->
  </suite> <!-- Default suite -->
</testng-results>
