<?xml version="1.0" encoding="UTF-8"?>
<!-- Generated by org.testng.reporters.JUnitReportReporter -->
<testsuite hostname="IBM-JQCV2F3" failures="0" tests="4" name="TestRunner.testRunner" time="117.490" errors="2" timestamp="2023-05-03T15:58:32 IST" skipped="0">
  <testcase classname="TestRunner.testRunner" name="runScenario" time="39.093">
    <error type="java.util.NoSuchElementException">
      <![CDATA[java.util.NoSuchElementException
at java.base/java.util.LinkedHashMap$LinkedHashIterator.nextNode(LinkedHashMap.java:758)
at java.base/java.util.LinkedHashMap$LinkedKeyIterator.next(LinkedHashMap.java:778)
at StepDefinations.CheckoutTest.user_searches_and_clicks_on_buynow(CheckoutTest.java:38)
at ✽.User searches "OnePlus Nord" and clicks on buynow(file:///C:/Users/003VR5744/eclipse-workspace/E2EFramework/src/test/java/features/Amazon.feature:20)
]]>
    </error>
  </testcase> <!-- runScenario -->
  <system-out/>
  <testcase classname="TestRunner.testRunner" name="runScenario" time="28.872">
    <error type="java.util.NoSuchElementException">
      <![CDATA[java.util.NoSuchElementException
at java.base/java.util.LinkedHashMap$LinkedHashIterator.nextNode(LinkedHashMap.java:758)
at java.base/java.util.LinkedHashMap$LinkedKeyIterator.next(LinkedHashMap.java:778)
at StepDefinations.CheckoutTest.user_searches_and_clicks_on_buynow(CheckoutTest.java:38)
at ✽.User searches "OnePlus Nord" and clicks on buynow(file:///C:/Users/003VR5744/eclipse-workspace/E2EFramework/src/test/java/features/Amazon.feature:13)
]]>
    </error>
  </testcase> <!-- runScenario -->
  <system-out/>
  <testcase classname="TestRunner.testRunner" name="runScenario" time="23.216"/>
  <system-out/>
  <testcase classname="TestRunner.testRunner" name="runScenario" time="26.309"/>
  <system-out/>
</testsuite> <!-- TestRunner.testRunner -->
